This file contains any messages produced by compilers while
running configure, to aid debugging if configure makes a mistake.

It was created by hello_world configure 1.0, which was
generated by GNU Autoconf 2.69.  Invocation command line was

  $ ./configure --prefix=/opt

## --------- ##
## Platform. ##
## --------- ##

hostname = jh-pc
uname -m = x86_64
uname -r = 4.4.0-78-generic
uname -s = Linux
uname -v = #99-Ubuntu SMP Thu Apr 27 15:29:09 UTC 2017

/usr/bin/uname -p = unknown
/bin/uname -X     = unknown

/bin/arch              = unknown
/usr/bin/arch -k       = unknown
/usr/convex/getsysinfo = unknown
/usr/bin/hostinfo      = unknown
/bin/machine           = unknown
/usr/bin/oslevel       = unknown
/bin/universe          = unknown

PATH: /home/jh/.pyenv/shims
PATH: /home/jh/.pyenv/bin
PATH: /usr/local/sbin
PATH: /usr/local/bin
PATH: /usr/sbin
PATH: /usr/bin
PATH: /sbin
PATH: /bin
PATH: /usr/games
PATH: /usr/local/games
PATH: /snap/bin


## ----------- ##
## Core tests. ##
## ----------- ##

configure:1844: checking for a BSD-compatible install
configure:1912: result: /usr/bin/install -c
configure:1923: checking whether build environment is sane
configure:1978: result: yes
configure:2129: checking for a thread-safe mkdir -p
configure:2168: result: /bin/mkdir -p
configure:2175: checking for gawk
configure:2205: result: no
configure:2175: checking for mawk
configure:2191: found /usr/bin/mawk
configure:2202: result: mawk
configure:2213: checking whether make sets $(MAKE)
configure:2235: result: yes
configure:2264: checking whether make supports nested variables
configure:2281: result: yes
configure:2453: checking for gcc
configure:2469: found /usr/bin/gcc
configure:2480: result: gcc
configure:2709: checking for C compiler version
configure:2718: gcc --version >&5
gcc (Ubuntu 5.4.0-6ubuntu1~16.04.4) 5.4.0 20160609
Copyright (C) 2015 Free Software Foundation, Inc.
This is free software; see the source for copying conditions.  There is NO
warranty; not even for MERCHANTABILITY or FITNESS FOR A PARTICULAR PURPOSE.

configure:2729: $? = 0
configure:2718: gcc -v >&5
Using built-in specs.
COLLECT_GCC=gcc
COLLECT_LTO_WRAPPER=/usr/lib/gcc/x86_64-linux-gnu/5/lto-wrapper
Target: x86_64-linux-gnu
Configured with: ../src/configure -v --with-pkgversion='Ubuntu 5.4.0-6ubuntu1~16.04.4' --with-bugurl=file:///usr/share/doc/gcc-5/README.Bugs --enable-languages=c,ada,c++,java,go,d,fortran,objc,obj-c++ --prefix=/usr --program-suffix=-5 --enable-shared --enable-linker-build-id --libexecdir=/usr/lib --without-included-gettext --enable-threads=posix --libdir=/usr/lib --enable-nls --with-sysroot=/ --enable-clocale=gnu --enable-libstdcxx-debug --enable-libstdcxx-time=yes --with-default-libstdcxx-abi=new --enable-gnu-unique-object --disable-vtable-verify --enable-libmpx --enable-plugin --with-system-zlib --disable-browser-plugin --enable-java-awt=gtk --enable-gtk-cairo --with-java-home=/usr/lib/jvm/java-1.5.0-gcj-5-amd64/jre --enable-java-home --with-jvm-root-dir=/usr/lib/jvm/java-1.5.0-gcj-5-amd64 --with-jvm-jar-dir=/usr/lib/jvm-exports/java-1.5.0-gcj-5-amd64 --with-arch-directory=amd64 --with-ecj-jar=/usr/share/java/eclipse-ecj.jar --enable-objc-gc --enable-multiarch --disable-werror --with-arch-32=i686 --with-abi=m64 --with-multilib-list=m32,m64,mx32 --enable-multilib --with-tune=generic --enable-checking=release --build=x86_64-linux-gnu --host=x86_64-linux-gnu --target=x86_64-linux-gnu
Thread model: posix
gcc version 5.4.0 20160609 (Ubuntu 5.4.0-6ubuntu1~16.04.4) 
configure:2729: $? = 0
configure:2718: gcc -V >&5
gcc: error: unrecognized command line option '-V'
gcc: fatal error: no input files
compilation terminated.
configure:2729: $? = 1
configure:2718: gcc -qversion >&5
gcc: error: unrecognized command line option '-qversion'
gcc: fatal error: no input files
compilation terminated.
configure:2729: $? = 1
configure:2749: checking whether the C compiler works
configure:2771: gcc    conftest.c  >&5
configure:2775: $? = 0
configure:2823: result: yes
configure:2826: checking for C compiler default output file name
configure:2828: result: a.out
configure:2834: checking for suffix of executables
configure:2841: gcc -o conftest    conftest.c  >&5
configure:2845: $? = 0
configure:2867: result: 
configure:2889: checking whether we are cross compiling
configure:2897: gcc -o conftest    conftest.c  >&5
configure:2901: $? = 0
configure:2908: ./conftest
configure:2912: $? = 0
configure:2927: result: no
configure:2932: checking for suffix of object files
configure:2954: gcc -c   conftest.c >&5
configure:2958: $? = 0
configure:2979: result: o
configure:2983: checking whether we are using the GNU C compiler
configure:3002: gcc -c   conftest.c >&5
configure:3002: $? = 0
configure:3011: result: yes
configure:3020: checking whether gcc accepts -g
configure:3040: gcc -c -g  conftest.c >&5
configure:3040: $? = 0
configure:3081: result: yes
configure:3098: checking for gcc option to accept ISO C89
configure:3161: gcc  -c -g -O2  conftest.c >&5
configure:3161: $? = 0
configure:3174: result: none needed
configure:3199: checking whether gcc understands -c and -o together
configure:3221: gcc -c conftest.c -o conftest2.o
configure:3224: $? = 0
configure:3221: gcc -c conftest.c -o conftest2.o
configure:3224: $? = 0
configure:3236: result: yes
configure:3264: checking for style of include used by make
configure:3292: result: GNU
configure:3318: checking dependency style of gcc
configure:3429: result: gcc3
configure:3566: checking that generated files are newer than configure
configure:3572: result: done
configure:3595: creating ./config.status

## ---------------------- ##
## Running config.status. ##
## ---------------------- ##

This file was extended by hello_world config.status 1.0, which was
generated by GNU Autoconf 2.69.  Invocation command line was

  CONFIG_FILES    = 
  CONFIG_HEADERS  = 
  CONFIG_LINKS    = 
  CONFIG_COMMANDS = 
  $ ./config.status 

on jh-pc

config.status:838: creating Makefile
config.status:838: creating config.h
config.status:1019: config.h is unchanged
config.status:1067: executing depfiles commands

## ---------------- ##
## Cache variables. ##
## ---------------- ##

ac_cv_c_compiler_gnu=yes
ac_cv_env_CC_set=
ac_cv_env_CC_value=
ac_cv_env_CFLAGS_set=
ac_cv_env_CFLAGS_value=
ac_cv_env_CPPFLAGS_set=
ac_cv_env_CPPFLAGS_value=
ac_cv_env_LDFLAGS_set=
ac_cv_env_LDFLAGS_value=
ac_cv_env_LIBS_set=
ac_cv_env_LIBS_value=
ac_cv_env_build_alias_set=
ac_cv_env_build_alias_value=
ac_cv_env_host_alias_set=
ac_cv_env_host_alias_value=
ac_cv_env_target_alias_set=
ac_cv_env_target_alias_value=
ac_cv_objext=o
ac_cv_path_install='/usr/bin/install -c'
ac_cv_path_mkdir=/bin/mkdir
ac_cv_prog_AWK=mawk
ac_cv_prog_ac_ct_CC=gcc
ac_cv_prog_cc_c89=
ac_cv_prog_cc_g=yes
ac_cv_prog_make_make_set=yes
am_cv_CC_dependencies_compiler_type=gcc3
am_cv_make_support_nested_variables=yes
am_cv_prog_cc_c_o=yes

## ----------------- ##
## Output variables. ##
## ----------------- ##

ACLOCAL='${SHELL} /home/jh/jh_work/jz2440/automake/helloworld/missing aclocal-1.15'
AMDEPBACKSLASH='\'
AMDEP_FALSE='#'
AMDEP_TRUE=''
AMTAR='$${TAR-tar}'
AM_BACKSLASH='\'
AM_DEFAULT_V='$(AM_DEFAULT_VERBOSITY)'
AM_DEFAULT_VERBOSITY='1'
AM_V='$(V)'
AUTOCONF='${SHELL} /home/jh/jh_work/jz2440/automake/helloworld/missing autoconf'
AUTOHEADER='${SHELL} /home/jh/jh_work/jz2440/automake/helloworld/missing autoheader'
AUTOMAKE='${SHELL} /home/jh/jh_work/jz2440/automake/helloworld/missing automake-1.15'
AWK='mawk'
CC='gcc'
CCDEPMODE='depmode=gcc3'
CFLAGS='-g -O2'
CPPFLAGS=''
CYGPATH_W='echo'
DEFS='-DHAVE_CONFIG_H'
DEPDIR='.deps'
ECHO_C=''
ECHO_N='-n'
ECHO_T=''
EXEEXT=''
INSTALL_DATA='${INSTALL} -m 644'
INSTALL_PROGRAM='${INSTALL}'
INSTALL_SCRIPT='${INSTALL}'
INSTALL_STRIP_PROGRAM='$(install_sh) -c -s'
LDFLAGS=''
LIBOBJS=''
LIBS=''
LTLIBOBJS=''
MAKEINFO='${SHELL} /home/jh/jh_work/jz2440/automake/helloworld/missing makeinfo'
MKDIR_P='/bin/mkdir -p'
OBJEXT='o'
PACKAGE='hello_world'
PACKAGE_BUGREPORT='hubin_jiang@htc.com'
PACKAGE_NAME='hello_world'
PACKAGE_STRING='hello_world 1.0'
PACKAGE_TARNAME='hello_world'
PACKAGE_URL=''
PACKAGE_VERSION='1.0'
PATH_SEPARATOR=':'
SET_MAKE=''
SHELL='/bin/bash'
STRIP=''
VERSION='1.0'
ac_ct_CC='gcc'
am__EXEEXT_FALSE=''
am__EXEEXT_TRUE='#'
am__fastdepCC_FALSE='#'
am__fastdepCC_TRUE=''
am__include='include'
am__isrc=''
am__leading_dot='.'
am__nodep='_no'
am__quote=''
am__tar='$${TAR-tar} chof - "$$tardir"'
am__untar='$${TAR-tar} xf -'
bindir='${exec_prefix}/bin'
build_alias=''
datadir='${datarootdir}'
datarootdir='${prefix}/share'
docdir='${datarootdir}/doc/${PACKAGE_TARNAME}'
dvidir='${docdir}'
exec_prefix='${prefix}'
host_alias=''
htmldir='${docdir}'
includedir='${prefix}/include'
infodir='${datarootdir}/info'
install_sh='${SHELL} /home/jh/jh_work/jz2440/automake/helloworld/install-sh'
libdir='${exec_prefix}/lib'
libexecdir='${exec_prefix}/libexec'
localedir='${datarootdir}/locale'
localstatedir='${prefix}/var'
mandir='${datarootdir}/man'
mkdir_p='$(MKDIR_P)'
oldincludedir='/usr/include'
pdfdir='${docdir}'
prefix='/opt'
program_transform_name='s,x,x,'
psdir='${docdir}'
runstatedir='${localstatedir}/run'
sbindir='${exec_prefix}/sbin'
sharedstatedir='${prefix}/com'
sysconfdir='${prefix}/etc'
target_alias=''

## ----------- ##
## confdefs.h. ##
## ----------- ##

/* confdefs.h */
#define PACKAGE_NAME "hello_world"
#define PACKAGE_TARNAME "hello_world"
#define PACKAGE_VERSION "1.0"
#define PACKAGE_STRING "hello_world 1.0"
#define PACKAGE_BUGREPORT "hubin_jiang@htc.com"
#define PACKAGE_URL ""

configure: exit 0
